app/thefaco/app/build/intermediates/manifest_merge_blame_file/debug/manifest-merger-blame-debug-report.txt
1<?xml version="1.0" encoding="utf-8"?>
2<manifest xmlns:android="http://schemas.android.com/apk/res/android"
3    package="com.example.thefaco"
4    android:versionCode="1"
5    android:versionName="1.0" >
6
7    <uses-sdk
8        android:minSdkVersion="16"
8-->src\main\AndroidManifest.xml
9        android:targetSdkVersion="28" />
9-->src\main\AndroidManifest.xml
10
11    <uses-permission android:name="android.permission.INTERNET" />
11-->src\main\AndroidManifest.xml:5:5-67
11-->src\main\AndroidManifest.xml:5:22-64
12    <uses-permission android:name="android.permission.RECORD_AUDIO" />
12-->src\main\AndroidManifest.xml:6:5-71
12-->src\main\AndroidManifest.xml:6:22-68
13
14    <application
14-->src\main\AndroidManifest.xml:8:5-23:19
15        android:allowBackup="true"
15-->src\main\AndroidManifest.xml:9:13-39
16        android:appComponentFactory="androidx.core.app.CoreComponentFactory"
16-->[androidx.core:core:1.3.1] AndroidManifest.xml:24:18-86
17        android:debuggable="true"
18        android:icon="@mipmap/ic_launcher"
18-->src\main\AndroidManifest.xml:10:13-47
19        android:label="@string/app_name"
19-->src\main\AndroidManifest.xml:11:13-45
20        android:roundIcon="@mipmap/ic_launcher_round"
20-->src\main\AndroidManifest.xml:12:13-58
21        android:supportsRtl="true"
21-->src\main\AndroidManifest.xml:13:13-39
22        android:testOnly="true"
23        android:theme="@style/AppTheme"
23-->src\main\AndroidManifest.xml:15:13-44
24        android:usesCleartextTraffic="true" >
24-->src\main\AndroidManifest.xml:14:13-48
25        <activity android:name="com.example.thefaco.MainActivity" >
25-->src\main\AndroidManifest.xml:16:9-22:20
25-->src\main\AndroidManifest.xml:16:19-47
26            <intent-filter>
26-->src\main\AndroidManifest.xml:17:13-21:29
27                <action android:name="android.intent.action.MAIN" />
27-->src\main\AndroidManifest.xml:18:17-68
27-->src\main\AndroidManifest.xml:18:25-66
28                <action android:name="android.intent.action.TTS_SERVICE" />
28-->src\main\AndroidManifest.xml:19:17-76
28-->src\main\AndroidManifest.xml:19:25-73
29
30                <category android:name="android.intent.category.LAUNCHER" />
30-->src\main\AndroidManifest.xml:20:17-76
30-->src\main\AndroidManifest.xml:20:27-74
31            </intent-filter>
32        </activity>
33    </application>
34
35</manifest>